Thu Dec 03 12:03:19 EST 2015 : Apache Derby Network Server - 10.11.1.2 - (1629631) started and ready to accept connections on port 1527
----------------------------------------------------------------
Thu Dec 03 12:03:20 EST 2015:
Booting Derby version The Apache Software Foundation - Apache Derby - 10.11.1.2 - (1629631): instance a816c00e-0151-68cc-4c23-00004bea1b38 
on database directory C:\Users\Anthony\Documents\ccsu\web_programming\final_project\git\BoardGameIndex\HW3DB with class loader sun.misc.Launcher$AppClassLoader@5e2de80c 
Loaded from file:/C:/Program%20Files/Java/jdk1.8.0_66/db/lib/derby.jar
java.vendor=Oracle Corporation
java.runtime.version=1.8.0_66-b18
user.dir=C:\Program Files\Java\jdk1.8.0_66\db
os.name=Windows 10
os.arch=amd64
os.version=10.0
derby.system.home=C:\Users\Anthony\Documents\ccsu\web_programming\final_project\git\BoardGameIndex
Database Class Loader started - derby.database.classpath=''
----------------------------------------------------------------
Thu Dec 03 16:55:14 EST 2015:
Booting Derby version The Apache Software Foundation - Apache Derby - 10.11.1.2 - (1629631): instance e650447f-0151-68cc-4c23-00004bea1b38 
on database directory C:\Users\Anthony\Documents\ccsu\web_programming\final_project\git\BoardGameIndex\sun-appserv-samples with class loader sun.misc.Launcher$AppClassLoader@5e2de80c 
Loaded from file:/C:/Program%20Files/Java/jdk1.8.0_66/db/lib/derby.jar
java.vendor=Oracle Corporation
java.runtime.version=1.8.0_66-b18
user.dir=C:\Program Files\Java\jdk1.8.0_66\db
os.name=Windows 10
os.arch=amd64
os.version=10.0
derby.system.home=C:\Users\Anthony\Documents\ccsu\web_programming\final_project\git\BoardGameIndex
Database Class Loader started - derby.database.classpath=''
